<?xml version="1.0" encoding="UTF-8"?>
<testsuite name="com.teamtreehouse.courses.dao.Sql2oCourseDaoTest" tests="4" skipped="0" failures="0" errors="0" timestamp="2023-06-06T08:58:10" hostname="BS1090" time="0.013">
  <properties/>
  <testcase name="existingCoursesCanBeFoundById" classname="com.teamtreehouse.courses.dao.Sql2oCourseDaoTest" time="0.004"/>
  <testcase name="addedCoursesAreReturnedFromFindAll" classname="com.teamtreehouse.courses.dao.Sql2oCourseDaoTest" time="0.003"/>
  <testcase name="noCoursesReturnsEmptyList" classname="com.teamtreehouse.courses.dao.Sql2oCourseDaoTest" time="0.002"/>
  <testcase name="addingCourseSetsId" classname="com.teamtreehouse.courses.dao.Sql2oCourseDaoTest" time="0.003"/>
  <system-out><![CDATA[]]></system-out>
  <system-err><![CDATA[]]></system-err>
</testsuite>
